#-----------------------------------------------------------
# Webtalk v2015.3 (64-bit)
# SW Build 1368829 on Mon Sep 28 20:06:43 MDT 2015
# 
# Start of session at: Wed Nov 18 16:00:17 2015
# Process ID: 5656
# Current directory: C:/Users/Will/Desktop/Assessment_2_Traffic_Light/es3_hw_assmnt_2/es3_hw_assmnt_2.sdk/webtalk
# Command line: wbtcv.exe -mode batch -source sdk_webtalk.tcl
# Log file: C:/Users/Will/Desktop/Assessment_2_Traffic_Light/es3_hw_assmnt_2/es3_hw_assmnt_2.sdk/webtalk/webtalk.log
# Journal file: C:/Users/Will/Desktop/Assessment_2_Traffic_Light/es3_hw_assmnt_2/es3_hw_assmnt_2.sdk/webtalk\webtalk.jou
#-----------------------------------------------------------
source sdk_webtalk.tcl
# webtalk_init -webtalk_dir C:\\Users\\Will\\Desktop\\Assessment_2_Traffic_Light\\es3_hw_assmnt_2\\es3_hw_assmnt_2.sdk\\webtalk
# webtalk_register_client -client project
# webtalk_add_data -client project -key date_generated -value "Wed Nov 18 16:00:16 2015" -context "software_version_and_target_device"
# webtalk_add_data -client project -key product_version -value "SDK v2015.3" -context "software_version_and_target_device"
# webtalk_add_data -client project -key build_version -value "2015.3" -context "software_version_and_target_device"
# webtalk_add_data -client project -key os_platform -value "amd64" -context "software_version_and_target_device"
# webtalk_add_data -client project -key registration_id -value "" -context "software_version_and_target_device"
# webtalk_add_data -client project -key tool_flow -value "SDK" -context "software_version_and_target_device"
# webtalk_add_data -client project -key beta -value "false" -context "software_version_and_target_device"
# webtalk_add_data -client project -key route_design -value "NA" -context "software_version_and_target_device"
# webtalk_add_data -client project -key target_family -value "NA" -context "software_version_and_target_device"
# webtalk_add_data -client project -key target_device -value "NA" -context "software_version_and_target_device"
# webtalk_add_data -client project -key target_package -value "NA" -context "software_version_and_target_device"
# webtalk_add_data -client project -key target_speed -value "NA" -context "software_version_and_target_device"
# webtalk_add_data -client project -key random_id -value "luhkb67gnc5qin7bqjrhlureu3" -context "software_version_and_target_device"
# webtalk_add_data -client project -key project_id -value "2015.3_5" -context "software_version_and_target_device"
# webtalk_add_data -client project -key project_iteration -value "5" -context "software_version_and_target_device"
# webtalk_add_data -client project -key os_name -value "" -context "user_environment"
# webtalk_add_data -client project -key os_release -value "" -context "user_environment"
# webtalk_add_data -client project -key cpu_name -value "" -context "user_environment"
# webtalk_add_data -client project -key cpu_speed -value "" -context "user_environment"
# webtalk_add_data -client project -key total_processors -value "" -context "user_environment"
# webtalk_add_data -client project -key system_ram -value "" -context "user_environment"
# webtalk_register_client -client sdk
# webtalk_add_data -client sdk -key uid -value "1447860074734" -context "sdk\\\\hardware/1447860074734"
# webtalk_add_data -client sdk -key isZynq -value "false" -context "sdk\\\\hardware/1447860074734"
# webtalk_add_data -client sdk -key Processors -value "1" -context "sdk\\\\hardware/1447860074734"
# webtalk_add_data -client sdk -key VivadoVersion -value "2015.2" -context "sdk\\\\hardware/1447860074734"
# webtalk_add_data -client sdk -key Arch -value "artix7" -context "sdk\\\\hardware/1447860074734"
# webtalk_add_data -client sdk -key Device -value "7a35t" -context "sdk\\\\hardware/1447860074734"
# webtalk_add_data -client sdk -key IsHandoff -value "true" -context "sdk\\\\hardware/1447860074734"
# webtalk_add_data -client sdk -key uid -value "1447860141341" -context "sdk\\\\bsp/1447860141341"
# webtalk_add_data -client sdk -key hwid -value "1447860074734" -context "sdk\\\\bsp/1447860141341"
# webtalk_add_data -client sdk -key os -value "standalone" -context "sdk\\\\bsp/1447860141341"
# webtalk_add_data -client sdk -key apptemplate -value "hello_world" -context "sdk\\\\bsp/1447860141341"
# webtalk_add_data -client sdk -key uid -value "1447860143280" -context "sdk\\\\application/1447860143280"
# webtalk_add_data -client sdk -key hwid -value "1447860074734" -context "sdk\\\\application/1447860143280"
# webtalk_add_data -client sdk -key bspid -value "1447860141341" -context "sdk\\\\application/1447860143280"
# webtalk_add_data -client sdk -key newbsp -value "true" -context "sdk\\\\application/1447860143280"
# webtalk_add_data -client sdk -key os -value "standalone" -context "sdk\\\\application/1447860143280"
# webtalk_add_data -client sdk -key apptemplate -value "hello_world" -context "sdk\\\\application/1447860143280"
# webtalk_transmit -clientid 1896513980 -regid "" -xml C:\\Users\\Will\\Desktop\\Assessment_2_Traffic_Light\\es3_hw_assmnt_2\\es3_hw_assmnt_2.sdk\\webtalk\\usage_statistics_ext_sdk.xml -html C:\\Users\\Will\\Desktop\\Assessment_2_Traffic_Light\\es3_hw_assmnt_2\\es3_hw_assmnt_2.sdk\\webtalk\\usage_statistics_ext_sdk.html -wdm C:\\Users\\Will\\Desktop\\Assessment_2_Traffic_Light\\es3_hw_assmnt_2\\es3_hw_assmnt_2.sdk\\webtalk\\sdk_webtalk.wdm -intro "<H3>SDK Usage Report</H3><BR>"
# webtalk_terminate
INFO: [Common 17-206] Exiting Webtalk at Wed Nov 18 16:00:21 2015...
