15:21:11 INFO  : Launching XSDB server: xsdb.bat F:/Programs/Xilinx/SDK/2015.3/scripts/xsdb/xsdb/xsdb-server.tcl
15:21:13 INFO  : XSDB server has started successfully.
15:21:14 INFO  : Processing command line option -hwspec C:/Users/Will/Desktop/Assessment_2_Traffic_Light/es3_hw_assmnt_2/es3_hw_assmnt_2.sdk/top.hdf.
15:21:57 INFO  : Connected to target on host '127.0.0.1' and port '3121'.
15:22:02 INFO  : 'targets -set -filter {jtag_cable_name =~ "Digilent Basys3 210183712058A" && level==0} -index 0' command is executed.
15:22:03 INFO  : FPGA configured successfully with bitstream "C:/Users/Will/Desktop/Assessment_2_Traffic_Light/es3_hw_assmnt_2/es3_hw_assmnt_2.sdk/top_hw_platform_0/download.bit"
15:23:30 INFO  : Processor reset is completed for microblaze_0
15:25:57 INFO  : microblaze_0 Processor is in use. Please stop existing Run or Debug sessions before launching.
15:25:58 INFO  : Processor reset is completed for microblaze_0
15:26:18 INFO  : microblaze_0 Processor is in use. Please stop existing Run or Debug sessions before launching.
15:26:20 INFO  : Processor reset is completed for microblaze_0
15:26:34 INFO  : microblaze_0 Processor is in use. Please stop existing Run or Debug sessions before launching.
15:26:36 INFO  : Processor reset is completed for microblaze_0
15:27:10 INFO  : microblaze_0 Processor is in use. Please stop existing Run or Debug sessions before launching.
15:27:11 INFO  : Processor reset is completed for microblaze_0
15:27:22 INFO  : microblaze_0 Processor is in use. Please stop existing Run or Debug sessions before launching.
15:27:24 INFO  : Processor reset is completed for microblaze_0
15:38:15 INFO  : microblaze_0 Processor is in use. Please stop existing Run or Debug sessions before launching.
15:38:17 INFO  : Processor reset is completed for microblaze_0
15:39:51 INFO  : microblaze_0 Processor is in use. Please stop existing Run or Debug sessions before launching.
15:39:53 INFO  : Processor reset is completed for microblaze_0
15:41:26 INFO  : microblaze_0 Processor is in use. Please stop existing Run or Debug sessions before launching.
15:41:28 INFO  : Processor reset is completed for microblaze_0
15:42:06 INFO  : microblaze_0 Processor is in use. Please stop existing Run or Debug sessions before launching.
15:42:07 INFO  : Processor reset is completed for microblaze_0
15:42:19 INFO  : microblaze_0 Processor is in use. Please stop existing Run or Debug sessions before launching.
15:42:20 INFO  : Processor reset is completed for microblaze_0
15:45:18 INFO  : microblaze_0 Processor is in use. Please stop existing Run or Debug sessions before launching.
15:45:20 INFO  : Processor reset is completed for microblaze_0
15:46:11 INFO  : microblaze_0 Processor is in use. Please stop existing Run or Debug sessions before launching.
15:46:12 INFO  : Processor reset is completed for microblaze_0
15:46:38 INFO  : microblaze_0 Processor is in use. Please stop existing Run or Debug sessions before launching.
15:46:39 INFO  : Processor reset is completed for microblaze_0
15:46:51 INFO  : microblaze_0 Processor is in use. Please stop existing Run or Debug sessions before launching.
15:46:54 INFO  : Processor reset is completed for microblaze_0
15:47:02 INFO  : microblaze_0 Processor is in use. Please stop existing Run or Debug sessions before launching.
15:47:04 INFO  : Processor reset is completed for microblaze_0
15:51:51 INFO  : microblaze_0 Processor is in use. Please stop existing Run or Debug sessions before launching.
15:51:52 INFO  : Processor reset is completed for microblaze_0
15:53:33 INFO  : microblaze_0 Processor is in use. Please stop existing Run or Debug sessions before launching.
15:53:34 INFO  : Processor reset is completed for microblaze_0
15:53:51 INFO  : microblaze_0 Processor is in use. Please stop existing Run or Debug sessions before launching.
15:53:52 INFO  : Processor reset is completed for microblaze_0
15:56:49 INFO  : microblaze_0 Processor is in use. Please stop existing Run or Debug sessions before launching.
15:56:50 INFO  : Processor reset is completed for microblaze_0
15:59:05 ERROR : Unexpected error while launching program.
java.lang.RuntimeException: The program file specified in the launch configuration does not exist
	at com.xilinx.sdk.debug.core.XilinxAppLaunchConfigurationDelegate.runApplication(XilinxAppLaunchConfigurationDelegate.java:552)
	at com.xilinx.sdk.debug.core.XilinxAppLaunchConfigurationDelegate.launch(XilinxAppLaunchConfigurationDelegate.java:296)
	at com.xilinx.sdk.debug.ui.XilinxAppLaunchDelegateWrapper.launch(XilinxAppLaunchDelegateWrapper.java:31)
	at org.eclipse.debug.internal.core.LaunchConfiguration.launch(LaunchConfiguration.java:858)
	at org.eclipse.debug.internal.core.LaunchConfiguration.launch(LaunchConfiguration.java:707)
	at org.eclipse.debug.internal.ui.DebugUIPlugin.buildAndLaunch(DebugUIPlugin.java:1018)
	at org.eclipse.debug.internal.ui.DebugUIPlugin$8.run(DebugUIPlugin.java:1222)
	at org.eclipse.core.internal.jobs.Worker.run(Worker.java:53)
16:00:00 INFO  : Connected to target on host '127.0.0.1' and port '3121'.
16:00:01 INFO  : 'targets -set -filter {jtag_cable_name =~ "Digilent Basys3 210183712058A" && level==0} -index 0' command is executed.
16:00:02 INFO  : FPGA configured successfully with bitstream "C:/Users/Will/Desktop/Assessment_2_Traffic_Light/es3_hw_assmnt_2/es3_hw_assmnt_2.sdk/top_hw_platform_0/download.bit"
16:00:17 ERROR : Unexpected error while parsing XMD response ?: com.google.gson.JsonSyntaxException: com.google.gson.stream.MalformedJsonException: invalid number or unquoted string near 
16:00:30 INFO  : Launching XSDB server: xsdb.bat F:/Programs/Xilinx/SDK/2015.3/scripts/xsdb/xsdb/xsdb-server.tcl
16:00:32 INFO  : XSDB server has started successfully.
16:00:32 INFO  : Processing command line option -hwspec C:/Users/Will/Desktop/Assessment_2_Traffic_Light/es3_hw_assmnt_2/es3_hw_assmnt_2.sdk/top.hdf.
16:00:32 INFO  : Checking for hwspec changes in the project top_hw_platform_0.
16:01:35 INFO  : Time out for XMD transaction is 60000
If you want to increase the timeout value, goto Windows-> Preferences -> Xilinx SDK -> XMD Startup
16:01:35 ERROR : Timeout occured while waiting to get reply for command "xfpga_isconfigured -cable type xilinx_tcf url TCP:127.0.0.1:3121 "
16:01:35 ERROR : Checking FPGA configuration failed..
16:01:35 ERROR : Unexpected error while launching program.
com.xilinx.sdk.targetmanager.TMException: 
	at com.xilinx.sdk.targetmanager.internal.TM.isFPGAConfigured(TM.java:374)
	at com.xilinx.sdk.debug.core.XilinxAppLaunchConfigurationDelegate.isFpgaConfigured(XilinxAppLaunchConfigurationDelegate.java:381)
	at com.xilinx.sdk.debug.core.XilinxAppLaunchConfigurationDelegate.launch(XilinxAppLaunchConfigurationDelegate.java:290)
	at com.xilinx.sdk.debug.ui.XilinxAppLaunchDelegateWrapper.launch(XilinxAppLaunchDelegateWrapper.java:31)
	at org.eclipse.debug.internal.core.LaunchConfiguration.launch(LaunchConfiguration.java:858)
	at org.eclipse.debug.internal.core.LaunchConfiguration.launch(LaunchConfiguration.java:707)
	at org.eclipse.debug.internal.ui.DebugUIPlugin.buildAndLaunch(DebugUIPlugin.java:1018)
	at org.eclipse.debug.internal.ui.DebugUIPlugin$8.run(DebugUIPlugin.java:1222)
	at org.eclipse.core.internal.jobs.Worker.run(Worker.java:53)
16:02:00 INFO  : Connected to target on host '127.0.0.1' and port '3121'.
16:02:01 INFO  : 'targets -set -filter {jtag_cable_name =~ "Digilent Basys3 210183712058A" && level==0} -index 0' command is executed.
16:02:02 INFO  : FPGA configured successfully with bitstream "C:/Users/Will/Desktop/Assessment_2_Traffic_Light/es3_hw_assmnt_2/es3_hw_assmnt_2.sdk/top_hw_platform_0/download.bit"
16:03:03 INFO  : Launching XSDB server: xsdb.bat F:/Programs/Xilinx/SDK/2015.3/scripts/xsdb/xsdb/xsdb-server.tcl
16:03:05 INFO  : XSDB server has started successfully.
16:03:05 INFO  : Processing command line option -hwspec C:/Users/Will/Desktop/Assessment_2_Traffic_Light/es3_hw_assmnt_2/es3_hw_assmnt_2.sdk/top.hdf.
16:03:06 INFO  : Checking for hwspec changes in the project top_hw_platform_0.
16:03:27 INFO  : Connected to target on host '127.0.0.1' and port '3121'.
16:03:27 INFO  : 'targets -set -filter {jtag_cable_name =~ "Digilent Basys3 210183712058A" && level==0} -index 0' command is executed.
16:03:29 INFO  : FPGA configured successfully with bitstream "C:/Users/Will/Desktop/Assessment_2_Traffic_Light/es3_hw_assmnt_2/es3_hw_assmnt_2.sdk/top_hw_platform_0/download.bit"
16:03:56 WARN  : Unable to obtain port 2350 for use by XMD, java.net.SocketException: Unrecognized Windows Sockets error: 0: JVM_Bind
16:03:58 INFO  : Processor reset is completed for microblaze_0
16:30:22 INFO  : microblaze_0 Processor is in use. Please stop existing Run or Debug sessions before launching.
16:30:23 INFO  : Processor reset is completed for microblaze_0
16:33:40 INFO  : microblaze_0 Processor is in use. Please stop existing Run or Debug sessions before launching.
16:33:41 INFO  : Processor reset is completed for microblaze_0
16:34:09 INFO  : microblaze_0 Processor is in use. Please stop existing Run or Debug sessions before launching.
16:34:10 INFO  : Processor reset is completed for microblaze_0
16:35:21 INFO  : microblaze_0 Processor is in use. Please stop existing Run or Debug sessions before launching.
16:35:23 INFO  : Processor reset is completed for microblaze_0
16:37:30 INFO  : microblaze_0 Processor is in use. Please stop existing Run or Debug sessions before launching.
16:37:32 INFO  : Processor reset is completed for microblaze_0
16:37:48 INFO  : microblaze_0 Processor is in use. Please stop existing Run or Debug sessions before launching.
16:37:50 INFO  : Processor reset is completed for microblaze_0
16:38:02 INFO  : microblaze_0 Processor is in use. Please stop existing Run or Debug sessions before launching.
16:38:04 INFO  : Processor reset is completed for microblaze_0
16:41:01 INFO  : microblaze_0 Processor is in use. Please stop existing Run or Debug sessions before launching.
16:41:08 INFO  : Processor reset is completed for microblaze_0
16:41:52 INFO  : microblaze_0 Processor is in use. Please stop existing Run or Debug sessions before launching.
16:41:53 INFO  : Processor reset is completed for microblaze_0
16:42:01 INFO  : microblaze_0 Processor is in use. Please stop existing Run or Debug sessions before launching.
16:42:03 INFO  : Processor reset is completed for microblaze_0
16:42:24 INFO  : microblaze_0 Processor is in use. Please stop existing Run or Debug sessions before launching.
16:42:25 INFO  : Processor reset is completed for microblaze_0
16:53:38 ERROR : Unexpected error while launching program.
java.lang.RuntimeException: The program file specified in the launch configuration does not exist
	at com.xilinx.sdk.debug.core.XilinxAppLaunchConfigurationDelegate.runApplication(XilinxAppLaunchConfigurationDelegate.java:552)
	at com.xilinx.sdk.debug.core.XilinxAppLaunchConfigurationDelegate.launch(XilinxAppLaunchConfigurationDelegate.java:296)
	at com.xilinx.sdk.debug.ui.XilinxAppLaunchDelegateWrapper.launch(XilinxAppLaunchDelegateWrapper.java:31)
	at org.eclipse.debug.internal.core.LaunchConfiguration.launch(LaunchConfiguration.java:858)
	at org.eclipse.debug.internal.core.LaunchConfiguration.launch(LaunchConfiguration.java:707)
	at org.eclipse.debug.internal.ui.DebugUIPlugin.buildAndLaunch(DebugUIPlugin.java:1018)
	at org.eclipse.debug.internal.ui.DebugUIPlugin$8.run(DebugUIPlugin.java:1222)
	at org.eclipse.core.internal.jobs.Worker.run(Worker.java:53)
17:19:01 INFO  : Connected to target on host '127.0.0.1' and port '3121'.
17:19:01 INFO  : 'targets -set -filter {jtag_cable_name =~ "Digilent Basys3 210183712058A" && level==0} -index 0' command is executed.
17:19:02 INFO  : FPGA configured successfully with bitstream "C:/Users/Will/Desktop/Assessment_2_Traffic_Light/es3_hw_assmnt_2/es3_hw_assmnt_2.sdk/top_hw_platform_0/download.bit"
17:19:15 ERROR : Unexpected error while parsing XMD response ?: com.google.gson.JsonSyntaxException: com.google.gson.stream.MalformedJsonException: invalid number or unquoted string near 
17:19:28 INFO  : Launching XSDB server: xsdb.bat F:/Programs/Xilinx/SDK/2015.3/scripts/xsdb/xsdb/xsdb-server.tcl
17:19:30 INFO  : XSDB server has started successfully.
17:19:30 INFO  : Processing command line option -hwspec C:/Users/Will/Desktop/Assessment_2_Traffic_Light/es3_hw_assmnt_2/es3_hw_assmnt_2.sdk/top.hdf.
17:19:30 INFO  : Checking for hwspec changes in the project top_hw_platform_0.
17:19:53 INFO  : Connected to target on host '127.0.0.1' and port '3121'.
17:19:53 INFO  : 'targets -set -filter {jtag_cable_name =~ "Digilent Basys3 210183712058A" && level==0} -index 0' command is executed.
17:19:54 INFO  : FPGA configured successfully with bitstream "C:/Users/Will/Desktop/Assessment_2_Traffic_Light/es3_hw_assmnt_2/es3_hw_assmnt_2.sdk/top_hw_platform_0/download.bit"
17:20:00 WARN  : Unable to obtain port 2350 for use by XMD, java.net.SocketException: Unrecognized Windows Sockets error: 0: JVM_Bind
17:20:02 INFO  : Processor reset is completed for microblaze_0
17:23:04 INFO  : microblaze_0 Processor is in use. Please stop existing Run or Debug sessions before launching.
17:23:05 INFO  : Processor reset is completed for microblaze_0
17:23:40 INFO  : microblaze_0 Processor is in use. Please stop existing Run or Debug sessions before launching.
17:23:41 INFO  : Processor reset is completed for microblaze_0
17:24:47 INFO  : microblaze_0 Processor is in use. Please stop existing Run or Debug sessions before launching.
17:24:48 INFO  : Processor reset is completed for microblaze_0
17:25:59 INFO  : microblaze_0 Processor is in use. Please stop existing Run or Debug sessions before launching.
17:26:00 INFO  : Processor reset is completed for microblaze_0
17:27:18 INFO  : Processor reset is completed for microblaze_0
17:28:12 INFO  : Processor reset is completed for microblaze_0
17:30:52 INFO  : microblaze_0 Processor is in use. Please stop existing Run or Debug sessions before launching.
17:30:53 INFO  : Processor reset is completed for microblaze_0
17:32:40 INFO  : microblaze_0 Processor is in use. Please stop existing Run or Debug sessions before launching.
17:32:41 INFO  : Processor reset is completed for microblaze_0
17:36:23 INFO  : microblaze_0 Processor is in use. Please stop existing Run or Debug sessions before launching.
17:36:24 INFO  : Processor reset is completed for microblaze_0
17:37:06 INFO  : microblaze_0 Processor is in use. Please stop existing Run or Debug sessions before launching.
17:37:08 INFO  : Processor reset is completed for microblaze_0
17:37:58 INFO  : microblaze_0 Processor is in use. Please stop existing Run or Debug sessions before launching.
17:37:59 INFO  : Processor reset is completed for microblaze_0
17:39:25 INFO  : microblaze_0 Processor is in use. Please stop existing Run or Debug sessions before launching.
17:39:26 INFO  : Processor reset is completed for microblaze_0
17:40:05 INFO  : microblaze_0 Processor is in use. Please stop existing Run or Debug sessions before launching.
17:40:06 INFO  : Processor reset is completed for microblaze_0
17:41:06 INFO  : microblaze_0 Processor is in use. Please stop existing Run or Debug sessions before launching.
17:41:07 INFO  : Processor reset is completed for microblaze_0
17:42:41 INFO  : microblaze_0 Processor is in use. Please stop existing Run or Debug sessions before launching.
17:42:42 INFO  : Processor reset is completed for microblaze_0
17:43:05 INFO  : microblaze_0 Processor is in use. Please stop existing Run or Debug sessions before launching.
17:43:06 INFO  : Processor reset is completed for microblaze_0
17:43:46 INFO  : microblaze_0 Processor is in use. Please stop existing Run or Debug sessions before launching.
17:43:47 INFO  : Processor reset is completed for microblaze_0
17:46:07 INFO  : microblaze_0 Processor is in use. Please stop existing Run or Debug sessions before launching.
17:46:09 INFO  : Processor reset is completed for microblaze_0
17:48:38 INFO  : microblaze_0 Processor is in use. Please stop existing Run or Debug sessions before launching.
17:48:39 INFO  : Processor reset is completed for microblaze_0
17:48:59 INFO  : microblaze_0 Processor is in use. Please stop existing Run or Debug sessions before launching.
17:49:00 INFO  : Processor reset is completed for microblaze_0
17:49:21 INFO  : microblaze_0 Processor is in use. Please stop existing Run or Debug sessions before launching.
17:49:23 INFO  : Processor reset is completed for microblaze_0
17:49:54 INFO  : microblaze_0 Processor is in use. Please stop existing Run or Debug sessions before launching.
17:49:55 INFO  : Processor reset is completed for microblaze_0
17:50:43 INFO  : microblaze_0 Processor is in use. Please stop existing Run or Debug sessions before launching.
17:50:44 INFO  : Processor reset is completed for microblaze_0
17:51:31 INFO  : microblaze_0 Processor is in use. Please stop existing Run or Debug sessions before launching.
17:51:33 INFO  : Processor reset is completed for microblaze_0
17:56:11 INFO  : microblaze_0 Processor is in use. Please stop existing Run or Debug sessions before launching.
17:56:12 INFO  : Processor reset is completed for microblaze_0
17:56:38 INFO  : microblaze_0 Processor is in use. Please stop existing Run or Debug sessions before launching.
17:56:39 INFO  : Processor reset is completed for microblaze_0
10:48:22 INFO  : Connected to target on host '127.0.0.1' and port '3121'.
10:48:23 INFO  : 'targets -set -filter {jtag_cable_name =~ "Digilent Basys3 210183712058A" && level==0} -index 0' command is executed.
10:48:24 INFO  : FPGA configured successfully with bitstream "C:/Users/Will/Desktop/Assessment_2_Traffic_Light/es3_hw_assmnt_2/es3_hw_assmnt_2.sdk/top_hw_platform_0/download.bit"
10:48:38 INFO  : Processor reset is completed for microblaze_0
11:46:58 ERROR : Unexpected error while parsing XMD response ?: com.google.gson.JsonSyntaxException: com.google.gson.stream.MalformedJsonException: invalid number or unquoted string near 
12:13:06 INFO  : Launching XSDB server: xsdb.bat F:/Programs/Xilinx/SDK/2015.3/scripts/xsdb/xsdb/xsdb-server.tcl
12:13:10 INFO  : XSDB server has started successfully.
12:13:11 INFO  : Processing command line option -hwspec C:/Users/Will/Desktop/Assessment_2_Traffic_Light/es3_hw_assmnt_2/es3_hw_assmnt_2.sdk/top.hdf.
12:13:11 INFO  : Checking for hwspec changes in the project top_hw_platform_0.
12:35:46 INFO  : Connected to target on host '127.0.0.1' and port '3121'.
12:35:46 INFO  : 'targets -set -filter {jtag_cable_name =~ "Digilent Basys3 210183712058A" && level==0} -index 0' command is executed.
12:35:48 INFO  : FPGA configured successfully with bitstream "C:/Users/Will/Desktop/Assessment_2_Traffic_Light/es3_hw_assmnt_2/es3_hw_assmnt_2.sdk/top_hw_platform_0/download.bit"
12:35:55 WARN  : Unable to obtain port 2350 for use by XMD, java.net.SocketException: Unrecognized Windows Sockets error: 0: JVM_Bind
12:35:56 INFO  : Processor reset is completed for microblaze_0
12:36:18 INFO  : microblaze_0 Processor is in use. Please stop existing Run or Debug sessions before launching.
12:36:20 INFO  : Processor reset is completed for microblaze_0
12:37:20 INFO  : microblaze_0 Processor is in use. Please stop existing Run or Debug sessions before launching.
12:37:22 INFO  : Processor reset is completed for microblaze_0
12:39:14 INFO  : microblaze_0 Processor is in use. Please stop existing Run or Debug sessions before launching.
12:39:16 INFO  : Processor reset is completed for microblaze_0
12:40:16 INFO  : microblaze_0 Processor is in use. Please stop existing Run or Debug sessions before launching.
12:40:17 INFO  : Processor reset is completed for microblaze_0
12:43:13 INFO  : microblaze_0 Processor is in use. Please stop existing Run or Debug sessions before launching.
12:43:14 INFO  : Processor reset is completed for microblaze_0
12:43:29 INFO  : microblaze_0 Processor is in use. Please stop existing Run or Debug sessions before launching.
12:43:30 INFO  : Processor reset is completed for microblaze_0
12:44:31 INFO  : microblaze_0 Processor is in use. Please stop existing Run or Debug sessions before launching.
12:44:32 INFO  : Processor reset is completed for microblaze_0
12:46:30 INFO  : microblaze_0 Processor is in use. Please stop existing Run or Debug sessions before launching.
12:46:31 INFO  : Processor reset is completed for microblaze_0
12:46:51 INFO  : microblaze_0 Processor is in use. Please stop existing Run or Debug sessions before launching.
12:46:53 INFO  : Processor reset is completed for microblaze_0
12:48:10 INFO  : microblaze_0 Processor is in use. Please stop existing Run or Debug sessions before launching.
12:48:12 INFO  : Processor reset is completed for microblaze_0
12:49:01 INFO  : microblaze_0 Processor is in use. Please stop existing Run or Debug sessions before launching.
12:49:03 INFO  : Processor reset is completed for microblaze_0
12:49:15 INFO  : microblaze_0 Processor is in use. Please stop existing Run or Debug sessions before launching.
12:49:16 INFO  : Processor reset is completed for microblaze_0
12:49:19 INFO  : microblaze_0 Processor is in use. Please stop existing Run or Debug sessions before launching.
12:49:20 INFO  : Processor reset is completed for microblaze_0
12:49:29 INFO  : microblaze_0 Processor is in use. Please stop existing Run or Debug sessions before launching.
12:49:46 INFO  : microblaze_0 Processor is in use. Please stop existing Run or Debug sessions before launching.
12:49:47 INFO  : Processor reset is completed for microblaze_0
12:50:59 INFO  : microblaze_0 Processor is in use. Please stop existing Run or Debug sessions before launching.
12:51:01 INFO  : Processor reset is completed for microblaze_0
12:51:48 INFO  : microblaze_0 Processor is in use. Please stop existing Run or Debug sessions before launching.
12:51:50 INFO  : Processor reset is completed for microblaze_0
12:52:21 INFO  : microblaze_0 Processor is in use. Please stop existing Run or Debug sessions before launching.
12:52:22 INFO  : Processor reset is completed for microblaze_0
12:55:08 INFO  : microblaze_0 Processor is in use. Please stop existing Run or Debug sessions before launching.
12:55:10 INFO  : Processor reset is completed for microblaze_0
12:57:48 INFO  : microblaze_0 Processor is in use. Please stop existing Run or Debug sessions before launching.
12:57:50 INFO  : Processor reset is completed for microblaze_0
12:58:34 INFO  : microblaze_0 Processor is in use. Please stop existing Run or Debug sessions before launching.
12:58:35 INFO  : Processor reset is completed for microblaze_0
12:59:11 INFO  : microblaze_0 Processor is in use. Please stop existing Run or Debug sessions before launching.
12:59:12 INFO  : Processor reset is completed for microblaze_0
13:00:35 INFO  : microblaze_0 Processor is in use. Please stop existing Run or Debug sessions before launching.
13:00:36 INFO  : Processor reset is completed for microblaze_0
13:01:55 INFO  : microblaze_0 Processor is in use. Please stop existing Run or Debug sessions before launching.
13:01:56 INFO  : Processor reset is completed for microblaze_0
13:02:44 INFO  : microblaze_0 Processor is in use. Please stop existing Run or Debug sessions before launching.
13:02:45 INFO  : Processor reset is completed for microblaze_0
13:03:02 INFO  : microblaze_0 Processor is in use. Please stop existing Run or Debug sessions before launching.
13:03:04 INFO  : Processor reset is completed for microblaze_0
13:03:17 INFO  : Processor reset is completed for microblaze_0
13:03:32 INFO  : Processor reset is completed for microblaze_0
13:03:51 INFO  : microblaze_0 Processor is in use. Please stop existing Run or Debug sessions before launching.
13:03:52 INFO  : Processor reset is completed for microblaze_0
13:03:58 INFO  : microblaze_0 Processor is in use. Please stop existing Run or Debug sessions before launching.
13:03:59 INFO  : Processor reset is completed for microblaze_0
13:06:09 INFO  : microblaze_0 Processor is in use. Please stop existing Run or Debug sessions before launching.
13:06:10 INFO  : Processor reset is completed for microblaze_0
13:06:30 INFO  : microblaze_0 Processor is in use. Please stop existing Run or Debug sessions before launching.
13:06:32 INFO  : Processor reset is completed for microblaze_0
13:06:54 INFO  : microblaze_0 Processor is in use. Please stop existing Run or Debug sessions before launching.
13:06:55 INFO  : Processor reset is completed for microblaze_0
13:07:34 INFO  : microblaze_0 Processor is in use. Please stop existing Run or Debug sessions before launching.
13:07:35 INFO  : Processor reset is completed for microblaze_0
13:09:12 INFO  : microblaze_0 Processor is in use. Please stop existing Run or Debug sessions before launching.
13:09:13 INFO  : Processor reset is completed for microblaze_0
13:09:28 INFO  : Processor reset is completed for microblaze_0
13:10:56 INFO  : microblaze_0 Processor is in use. Please stop existing Run or Debug sessions before launching.
13:10:58 INFO  : Processor reset is completed for microblaze_0
13:44:35 INFO  : microblaze_0 Processor is in use. Please stop existing Run or Debug sessions before launching.
13:44:37 INFO  : Processor reset is completed for microblaze_0
13:44:55 INFO  : microblaze_0 Processor is in use. Please stop existing Run or Debug sessions before launching.
13:44:57 INFO  : Processor reset is completed for microblaze_0
13:46:37 INFO  : microblaze_0 Processor is in use. Please stop existing Run or Debug sessions before launching.
13:46:39 INFO  : Processor reset is completed for microblaze_0
13:48:20 INFO  : Processor reset is completed for microblaze_0
13:48:29 INFO  : microblaze_0 Processor is in use. Please stop existing Run or Debug sessions before launching.
13:48:30 INFO  : Processor reset is completed for microblaze_0
13:48:42 INFO  : microblaze_0 Processor is in use. Please stop existing Run or Debug sessions before launching.
13:48:43 INFO  : Processor reset is completed for microblaze_0
13:48:53 INFO  : microblaze_0 Processor is in use. Please stop existing Run or Debug sessions before launching.
13:48:55 INFO  : Processor reset is completed for microblaze_0
13:49:09 INFO  : microblaze_0 Processor is in use. Please stop existing Run or Debug sessions before launching.
13:49:10 INFO  : Processor reset is completed for microblaze_0
13:49:37 INFO  : microblaze_0 Processor is in use. Please stop existing Run or Debug sessions before launching.
13:49:39 INFO  : Processor reset is completed for microblaze_0
13:49:48 INFO  : microblaze_0 Processor is in use. Please stop existing Run or Debug sessions before launching.
13:49:49 INFO  : Processor reset is completed for microblaze_0
13:50:08 INFO  : microblaze_0 Processor is in use. Please stop existing Run or Debug sessions before launching.
13:50:10 INFO  : Processor reset is completed for microblaze_0
13:50:26 INFO  : microblaze_0 Processor is in use. Please stop existing Run or Debug sessions before launching.
13:50:28 INFO  : Processor reset is completed for microblaze_0
13:50:58 INFO  : microblaze_0 Processor is in use. Please stop existing Run or Debug sessions before launching.
13:50:59 INFO  : Processor reset is completed for microblaze_0
13:51:12 INFO  : microblaze_0 Processor is in use. Please stop existing Run or Debug sessions before launching.
13:51:13 INFO  : Processor reset is completed for microblaze_0
13:51:42 INFO  : microblaze_0 Processor is in use. Please stop existing Run or Debug sessions before launching.
13:51:43 INFO  : Processor reset is completed for microblaze_0
13:52:46 INFO  : microblaze_0 Processor is in use. Please stop existing Run or Debug sessions before launching.
13:52:47 INFO  : Processor reset is completed for microblaze_0
13:52:58 INFO  : microblaze_0 Processor is in use. Please stop existing Run or Debug sessions before launching.
13:53:00 INFO  : Processor reset is completed for microblaze_0
13:53:45 INFO  : microblaze_0 Processor is in use. Please stop existing Run or Debug sessions before launching.
13:53:46 INFO  : Processor reset is completed for microblaze_0
14:08:05 INFO  : microblaze_0 Processor is in use. Please stop existing Run or Debug sessions before launching.
14:08:06 INFO  : Processor reset is completed for microblaze_0
14:08:24 INFO  : microblaze_0 Processor is in use. Please stop existing Run or Debug sessions before launching.
14:08:25 INFO  : Processor reset is completed for microblaze_0
14:10:42 INFO  : microblaze_0 Processor is in use. Please stop existing Run or Debug sessions before launching.
14:10:44 INFO  : Processor reset is completed for microblaze_0
14:11:43 INFO  : microblaze_0 Processor is in use. Please stop existing Run or Debug sessions before launching.
14:11:44 INFO  : Processor reset is completed for microblaze_0
14:12:56 INFO  : microblaze_0 Processor is in use. Please stop existing Run or Debug sessions before launching.
14:12:58 INFO  : Processor reset is completed for microblaze_0
14:13:23 INFO  : microblaze_0 Processor is in use. Please stop existing Run or Debug sessions before launching.
14:13:24 INFO  : Processor reset is completed for microblaze_0
14:14:47 INFO  : microblaze_0 Processor is in use. Please stop existing Run or Debug sessions before launching.
14:14:49 INFO  : Processor reset is completed for microblaze_0
14:16:54 INFO  : microblaze_0 Processor is in use. Please stop existing Run or Debug sessions before launching.
14:16:55 INFO  : Processor reset is completed for microblaze_0
14:17:07 INFO  : microblaze_0 Processor is in use. Please stop existing Run or Debug sessions before launching.
14:17:12 INFO  : Processor reset is completed for microblaze_0
14:17:21 INFO  : microblaze_0 Processor is in use. Please stop existing Run or Debug sessions before launching.
14:17:25 INFO  : microblaze_0 Processor is in use. Please stop existing Run or Debug sessions before launching.
14:17:26 INFO  : Processor reset is completed for microblaze_0
14:18:04 INFO  : Processor reset is completed for microblaze_0
21:42:31 INFO  : Connected to target on host '127.0.0.1' and port '3121'.
21:42:32 INFO  : 'targets -set -filter {jtag_cable_name =~ "Digilent Basys3 210183712058A" && level==0} -index 0' command is executed.
21:42:33 INFO  : FPGA configured successfully with bitstream "C:/Users/Will/Desktop/Assessment_2_Traffic_Light/es3_hw_assmnt_2/es3_hw_assmnt_2.sdk/top_hw_platform_0/download.bit"
21:42:44 INFO  : Processor reset is completed for microblaze_0
21:43:51 INFO  : microblaze_0 Processor is in use. Please stop existing Run or Debug sessions before launching.
21:43:52 INFO  : Processor reset is completed for microblaze_0
21:44:12 INFO  : microblaze_0 Processor is in use. Please stop existing Run or Debug sessions before launching.
21:44:13 INFO  : Processor reset is completed for microblaze_0
10:49:53 INFO  : Connected to target on host '127.0.0.1' and port '3121'.
10:49:54 INFO  : 'targets -set -filter {jtag_cable_name =~ "Digilent Basys3 210183712058A" && level==0} -index 0' command is executed.
10:49:55 INFO  : FPGA configured successfully with bitstream "C:/Users/Will/Desktop/Assessment_2_Traffic_Light/es3_hw_assmnt_2/es3_hw_assmnt_2.sdk/top_hw_platform_0/download.bit"
10:49:59 INFO  : Processor reset is completed for microblaze_0
10:51:39 INFO  : microblaze_0 Processor is in use. Please stop existing Run or Debug sessions before launching.
10:51:40 INFO  : Processor reset is completed for microblaze_0
10:52:23 INFO  : microblaze_0 Processor is in use. Please stop existing Run or Debug sessions before launching.
10:52:25 INFO  : Processor reset is completed for microblaze_0
10:52:47 INFO  : microblaze_0 Processor is in use. Please stop existing Run or Debug sessions before launching.
10:52:49 INFO  : Processor reset is completed for microblaze_0
10:53:05 INFO  : microblaze_0 Processor is in use. Please stop existing Run or Debug sessions before launching.
10:53:07 INFO  : Processor reset is completed for microblaze_0
10:53:23 INFO  : microblaze_0 Processor is in use. Please stop existing Run or Debug sessions before launching.
10:53:25 INFO  : Processor reset is completed for microblaze_0
10:53:50 INFO  : microblaze_0 Processor is in use. Please stop existing Run or Debug sessions before launching.
10:53:51 INFO  : Processor reset is completed for microblaze_0
10:54:00 INFO  : microblaze_0 Processor is in use. Please stop existing Run or Debug sessions before launching.
10:54:02 INFO  : Processor reset is completed for microblaze_0
10:54:15 INFO  : Processor reset is completed for microblaze_0
10:54:40 INFO  : microblaze_0 Processor is in use. Please stop existing Run or Debug sessions before launching.
10:54:41 INFO  : Processor reset is completed for microblaze_0
10:55:06 INFO  : microblaze_0 Processor is in use. Please stop existing Run or Debug sessions before launching.
10:55:07 INFO  : Processor reset is completed for microblaze_0
10:55:24 INFO  : microblaze_0 Processor is in use. Please stop existing Run or Debug sessions before launching.
10:55:26 INFO  : Processor reset is completed for microblaze_0
10:56:12 INFO  : microblaze_0 Processor is in use. Please stop existing Run or Debug sessions before launching.
10:56:13 INFO  : Processor reset is completed for microblaze_0
10:56:43 INFO  : microblaze_0 Processor is in use. Please stop existing Run or Debug sessions before launching.
10:56:45 INFO  : Processor reset is completed for microblaze_0
10:57:03 INFO  : microblaze_0 Processor is in use. Please stop existing Run or Debug sessions before launching.
10:57:05 INFO  : Processor reset is completed for microblaze_0
11:14:45 INFO  : microblaze_0 Processor is in use. Please stop existing Run or Debug sessions before launching.
11:14:47 INFO  : Processor reset is completed for microblaze_0
11:15:04 INFO  : microblaze_0 Processor is in use. Please stop existing Run or Debug sessions before launching.
11:15:05 INFO  : Processor reset is completed for microblaze_0
11:15:26 INFO  : microblaze_0 Processor is in use. Please stop existing Run or Debug sessions before launching.
11:15:27 INFO  : Processor reset is completed for microblaze_0
11:16:09 INFO  : microblaze_0 Processor is in use. Please stop existing Run or Debug sessions before launching.
11:16:10 INFO  : Processor reset is completed for microblaze_0
11:17:22 INFO  : microblaze_0 Processor is in use. Please stop existing Run or Debug sessions before launching.
11:17:23 INFO  : Processor reset is completed for microblaze_0
11:20:28 INFO  : microblaze_0 Processor is in use. Please stop existing Run or Debug sessions before launching.
11:20:29 INFO  : Processor reset is completed for microblaze_0
11:24:03 INFO  : microblaze_0 Processor is in use. Please stop existing Run or Debug sessions before launching.
11:24:04 INFO  : Processor reset is completed for microblaze_0
11:27:19 INFO  : microblaze_0 Processor is in use. Please stop existing Run or Debug sessions before launching.
11:27:20 INFO  : Processor reset is completed for microblaze_0
11:27:43 INFO  : microblaze_0 Processor is in use. Please stop existing Run or Debug sessions before launching.
11:27:46 INFO  : Processor reset is completed for microblaze_0
11:27:52 INFO  : microblaze_0 Processor is in use. Please stop existing Run or Debug sessions before launching.
11:27:54 INFO  : Processor reset is completed for microblaze_0
11:29:28 INFO  : microblaze_0 Processor is in use. Please stop existing Run or Debug sessions before launching.
11:29:29 INFO  : Processor reset is completed for microblaze_0
11:29:41 INFO  : microblaze_0 Processor is in use. Please stop existing Run or Debug sessions before launching.
11:29:42 INFO  : Processor reset is completed for microblaze_0
11:30:47 INFO  : microblaze_0 Processor is in use. Please stop existing Run or Debug sessions before launching.
11:30:48 INFO  : Processor reset is completed for microblaze_0
11:31:42 INFO  : microblaze_0 Processor is in use. Please stop existing Run or Debug sessions before launching.
11:31:43 INFO  : Processor reset is completed for microblaze_0
11:34:18 INFO  : microblaze_0 Processor is in use. Please stop existing Run or Debug sessions before launching.
11:34:19 INFO  : Processor reset is completed for microblaze_0
11:34:44 INFO  : microblaze_0 Processor is in use. Please stop existing Run or Debug sessions before launching.
11:34:45 INFO  : Processor reset is completed for microblaze_0
11:35:06 INFO  : microblaze_0 Processor is in use. Please stop existing Run or Debug sessions before launching.
11:35:07 INFO  : Processor reset is completed for microblaze_0
11:35:20 INFO  : microblaze_0 Processor is in use. Please stop existing Run or Debug sessions before launching.
11:35:25 INFO  : Processor reset is completed for microblaze_0
11:35:37 INFO  : microblaze_0 Processor is in use. Please stop existing Run or Debug sessions before launching.
11:35:38 INFO  : Processor reset is completed for microblaze_0
11:36:03 INFO  : microblaze_0 Processor is in use. Please stop existing Run or Debug sessions before launching.
11:36:04 INFO  : Processor reset is completed for microblaze_0
11:54:22 INFO  : microblaze_0 Processor is in use. Please stop existing Run or Debug sessions before launching.
11:54:23 INFO  : Processor reset is completed for microblaze_0
11:55:09 INFO  : microblaze_0 Processor is in use. Please stop existing Run or Debug sessions before launching.
11:55:10 INFO  : Processor reset is completed for microblaze_0
12:07:28 INFO  : microblaze_0 Processor is in use. Please stop existing Run or Debug sessions before launching.
12:07:30 INFO  : Processor reset is completed for microblaze_0
12:08:45 INFO  : microblaze_0 Processor is in use. Please stop existing Run or Debug sessions before launching.
12:08:46 INFO  : Processor reset is completed for microblaze_0
12:09:41 INFO  : microblaze_0 Processor is in use. Please stop existing Run or Debug sessions before launching.
12:09:44 INFO  : Processor reset is completed for microblaze_0
12:10:12 INFO  : microblaze_0 Processor is in use. Please stop existing Run or Debug sessions before launching.
12:10:13 INFO  : Processor reset is completed for microblaze_0
12:10:49 INFO  : microblaze_0 Processor is in use. Please stop existing Run or Debug sessions before launching.
12:10:51 INFO  : Processor reset is completed for microblaze_0
12:13:55 INFO  : microblaze_0 Processor is in use. Please stop existing Run or Debug sessions before launching.
12:13:56 INFO  : Processor reset is completed for microblaze_0
12:14:36 INFO  : microblaze_0 Processor is in use. Please stop existing Run or Debug sessions before launching.
12:14:37 INFO  : Processor reset is completed for microblaze_0
12:20:08 INFO  : microblaze_0 Processor is in use. Please stop existing Run or Debug sessions before launching.
12:20:09 INFO  : Processor reset is completed for microblaze_0
12:29:04 INFO  : microblaze_0 Processor is in use. Please stop existing Run or Debug sessions before launching.
12:29:05 INFO  : Processor reset is completed for microblaze_0
12:29:27 INFO  : Processor reset is completed for microblaze_0
12:33:28 INFO  : microblaze_0 Processor is in use. Please stop existing Run or Debug sessions before launching.
12:33:29 INFO  : Processor reset is completed for microblaze_0
12:34:58 INFO  : microblaze_0 Processor is in use. Please stop existing Run or Debug sessions before launching.
12:34:59 INFO  : Processor reset is completed for microblaze_0
12:35:48 INFO  : microblaze_0 Processor is in use. Please stop existing Run or Debug sessions before launching.
12:35:49 INFO  : Processor reset is completed for microblaze_0
12:36:35 INFO  : microblaze_0 Processor is in use. Please stop existing Run or Debug sessions before launching.
12:36:36 INFO  : Processor reset is completed for microblaze_0
12:38:56 INFO  : microblaze_0 Processor is in use. Please stop existing Run or Debug sessions before launching.
12:38:57 INFO  : Processor reset is completed for microblaze_0
12:40:45 INFO  : microblaze_0 Processor is in use. Please stop existing Run or Debug sessions before launching.
12:40:46 INFO  : Processor reset is completed for microblaze_0
12:43:57 INFO  : microblaze_0 Processor is in use. Please stop existing Run or Debug sessions before launching.
12:43:58 INFO  : Processor reset is completed for microblaze_0
12:45:36 INFO  : microblaze_0 Processor is in use. Please stop existing Run or Debug sessions before launching.
12:45:37 INFO  : Processor reset is completed for microblaze_0
12:45:57 INFO  : microblaze_0 Processor is in use. Please stop existing Run or Debug sessions before launching.
12:45:58 INFO  : Processor reset is completed for microblaze_0
12:46:51 INFO  : microblaze_0 Processor is in use. Please stop existing Run or Debug sessions before launching.
12:46:53 INFO  : Processor reset is completed for microblaze_0
12:47:31 INFO  : microblaze_0 Processor is in use. Please stop existing Run or Debug sessions before launching.
12:47:32 INFO  : Processor reset is completed for microblaze_0
12:48:23 INFO  : microblaze_0 Processor is in use. Please stop existing Run or Debug sessions before launching.
12:48:24 INFO  : Processor reset is completed for microblaze_0
12:49:24 INFO  : microblaze_0 Processor is in use. Please stop existing Run or Debug sessions before launching.
12:49:25 INFO  : Processor reset is completed for microblaze_0
12:49:42 INFO  : microblaze_0 Processor is in use. Please stop existing Run or Debug sessions before launching.
12:49:43 INFO  : Processor reset is completed for microblaze_0
12:51:06 INFO  : microblaze_0 Processor is in use. Please stop existing Run or Debug sessions before launching.
12:51:08 INFO  : Processor reset is completed for microblaze_0
14:22:51 INFO  : Connected to target on host '127.0.0.1' and port '3121'.
14:22:52 INFO  : 'targets -set -filter {jtag_cable_name =~ "Digilent Basys3 210183712058A" && level==0} -index 0' command is executed.
14:22:53 INFO  : FPGA configured successfully with bitstream "C:/Users/Will/Desktop/Assessment_2_Traffic_Light/es3_hw_assmnt_2/es3_hw_assmnt_2.sdk/top_hw_platform_0/download.bit"
14:25:19 INFO  : Processor reset is completed for microblaze_0
14:30:20 INFO  : microblaze_0 Processor is in use. Please stop existing Run or Debug sessions before launching.
14:30:22 INFO  : Processor reset is completed for microblaze_0
14:32:02 INFO  : microblaze_0 Processor is in use. Please stop existing Run or Debug sessions before launching.
14:32:04 INFO  : Processor reset is completed for microblaze_0
14:32:36 INFO  : microblaze_0 Processor is in use. Please stop existing Run or Debug sessions before launching.
14:32:38 INFO  : Processor reset is completed for microblaze_0
14:35:21 INFO  : microblaze_0 Processor is in use. Please stop existing Run or Debug sessions before launching.
14:35:22 INFO  : Processor reset is completed for microblaze_0
14:35:36 INFO  : microblaze_0 Processor is in use. Please stop existing Run or Debug sessions before launching.
14:35:38 INFO  : Processor reset is completed for microblaze_0
14:36:11 INFO  : microblaze_0 Processor is in use. Please stop existing Run or Debug sessions before launching.
14:36:13 INFO  : Processor reset is completed for microblaze_0
14:42:31 INFO  : microblaze_0 Processor is in use. Please stop existing Run or Debug sessions before launching.
14:42:32 INFO  : Processor reset is completed for microblaze_0
14:43:54 INFO  : microblaze_0 Processor is in use. Please stop existing Run or Debug sessions before launching.
14:43:55 INFO  : Processor reset is completed for microblaze_0
14:44:48 INFO  : microblaze_0 Processor is in use. Please stop existing Run or Debug sessions before launching.
14:44:49 INFO  : Processor reset is completed for microblaze_0
14:53:04 INFO  : microblaze_0 Processor is in use. Please stop existing Run or Debug sessions before launching.
14:53:05 INFO  : Processor reset is completed for microblaze_0
14:54:16 INFO  : microblaze_0 Processor is in use. Please stop existing Run or Debug sessions before launching.
14:54:20 INFO  : Processor reset is completed for microblaze_0
14:58:03 INFO  : microblaze_0 Processor is in use. Please stop existing Run or Debug sessions before launching.
14:58:04 INFO  : Processor reset is completed for microblaze_0
15:26:54 INFO  : Connected to target on host '127.0.0.1' and port '3121'.
15:26:54 INFO  : 'targets -set -filter {jtag_cable_name =~ "Digilent Basys3 210183712058A" && level==0} -index 0' command is executed.
15:26:55 INFO  : FPGA configured successfully with bitstream "C:/Users/Will/Desktop/Assessment_2_Traffic_Light/es3_hw_assmnt_2/es3_hw_assmnt_2.sdk/top_hw_platform_0/download.bit"
15:27:58 INFO  : Processor reset is completed for microblaze_0
15:30:14 INFO  : microblaze_0 Processor is in use. Please stop existing Run or Debug sessions before launching.
15:30:15 INFO  : Processor reset is completed for microblaze_0
15:31:33 INFO  : microblaze_0 Processor is in use. Please stop existing Run or Debug sessions before launching.
15:31:34 INFO  : Processor reset is completed for microblaze_0
15:35:23 INFO  : microblaze_0 Processor is in use. Please stop existing Run or Debug sessions before launching.
15:35:24 INFO  : Processor reset is completed for microblaze_0
15:36:24 INFO  : microblaze_0 Processor is in use. Please stop existing Run or Debug sessions before launching.
15:36:25 INFO  : Processor reset is completed for microblaze_0
15:36:53 INFO  : microblaze_0 Processor is in use. Please stop existing Run or Debug sessions before launching.
15:36:57 INFO  : Processor reset is completed for microblaze_0
15:37:24 INFO  : microblaze_0 Processor is in use. Please stop existing Run or Debug sessions before launching.
15:37:25 INFO  : Processor reset is completed for microblaze_0
15:59:32 INFO  : microblaze_0 Processor is in use. Please stop existing Run or Debug sessions before launching.
15:59:33 INFO  : Processor reset is completed for microblaze_0
16:04:00 INFO  : microblaze_0 Processor is in use. Please stop existing Run or Debug sessions before launching.
16:04:01 INFO  : Processor reset is completed for microblaze_0
16:06:37 INFO  : microblaze_0 Processor is in use. Please stop existing Run or Debug sessions before launching.
16:06:38 INFO  : Processor reset is completed for microblaze_0
16:10:55 INFO  : microblaze_0 Processor is in use. Please stop existing Run or Debug sessions before launching.
16:10:56 INFO  : Processor reset is completed for microblaze_0
16:12:36 INFO  : microblaze_0 Processor is in use. Please stop existing Run or Debug sessions before launching.
16:12:38 INFO  : Processor reset is completed for microblaze_0
16:13:04 INFO  : microblaze_0 Processor is in use. Please stop existing Run or Debug sessions before launching.
16:13:05 INFO  : Processor reset is completed for microblaze_0
16:19:43 ERROR : Unexpected error while parsing XMD response ?: com.google.gson.JsonSyntaxException: com.google.gson.stream.MalformedJsonException: invalid number or unquoted string near 
21:28:30 INFO  : Launching XSDB server: xsdb.bat F:/Programs/Xilinx/SDK/2015.3/scripts/xsdb/xsdb/xsdb-server.tcl
21:28:33 INFO  : XSDB server has started successfully.
21:28:40 INFO  : Processing command line option -hwspec C:/Users/Will/Desktop/Assessment_2_Traffic_Light/es3_hw_assmnt_2/es3_hw_assmnt_2.sdk/top.hdf.
21:28:40 INFO  : Checking for hwspec changes in the project top_hw_platform_0.
21:29:19 INFO  : Connected to target on host '127.0.0.1' and port '3121'.
21:29:19 INFO  : 'targets -set -filter {jtag_cable_name =~ "Digilent Basys3 210183712058A" && level==0} -index 0' command is executed.
21:29:21 INFO  : FPGA configured successfully with bitstream "C:/Users/Will/Desktop/Assessment_2_Traffic_Light/es3_hw_assmnt_2/es3_hw_assmnt_2.sdk/top_hw_platform_0/download.bit"
21:29:32 WARN  : Unable to obtain port 2350 for use by XMD, java.net.SocketException: Unrecognized Windows Sockets error: 0: JVM_Bind
21:29:34 INFO  : Processor reset is completed for microblaze_0
13:50:10 INFO  : Connected to target on host '127.0.0.1' and port '3121'.
13:50:10 INFO  : 'targets -set -filter {jtag_cable_name =~ "Digilent Basys3 210183712058A" && level==0} -index 0' command is executed.
13:50:12 INFO  : FPGA configured successfully with bitstream "C:/Users/Will/Desktop/Assessment_2_Traffic_Light/es3_hw_assmnt_2/es3_hw_assmnt_2.sdk/top_hw_platform_0/download.bit"
13:50:20 INFO  : Processor reset is completed for microblaze_0
13:50:20 ERROR : Unexpected error while opening JTAG UART: 
java.lang.RuntimeException: Error while opening JTAG UART server: MDM Uart NOT Present in the System

	at com.xilinx.sdk.targetmanager.internal.TM.startJTAGUARTServer(TM.java:951)
	at com.xilinx.sdk.debug.core.internal.comm.JTAGUARTStreamsProxy.<init>(JTAGUARTStreamsProxy.java:32)
	at com.xilinx.sdk.debug.core.internal.RemoteProcess.createStreamsProxy(RemoteProcess.java:164)
	at com.xilinx.sdk.debug.core.internal.RemoteProcess.<init>(RemoteProcess.java:65)
	at com.xilinx.sdk.debug.core.internal.AppRunner.run(AppRunner.java:91)
	at com.xilinx.sdk.debug.core.XilinxAppLaunchConfigurationDelegate.runApplication(XilinxAppLaunchConfigurationDelegate.java:609)
	at com.xilinx.sdk.debug.core.XilinxAppLaunchConfigurationDelegate.launch(XilinxAppLaunchConfigurationDelegate.java:296)
	at com.xilinx.sdk.debug.ui.XilinxAppLaunchDelegateWrapper.launch(XilinxAppLaunchDelegateWrapper.java:31)
	at org.eclipse.debug.internal.core.LaunchConfiguration.launch(LaunchConfiguration.java:858)
	at org.eclipse.debug.internal.core.LaunchConfiguration.launch(LaunchConfiguration.java:707)
	at org.eclipse.debug.internal.ui.DebugUIPlugin.buildAndLaunch(DebugUIPlugin.java:1018)
	at org.eclipse.debug.internal.ui.DebugUIPlugin$8.run(DebugUIPlugin.java:1222)
	at org.eclipse.core.internal.jobs.Worker.run(Worker.java:53)
13:52:11 INFO  : microblaze_0 Processor is in use. Please stop existing Run or Debug sessions before launching.
13:52:12 INFO  : Processor reset is completed for microblaze_0
13:52:12 ERROR : Unexpected error while opening JTAG UART: 
java.lang.RuntimeException: Error while opening JTAG UART server: MDM Uart NOT Present in the System

	at com.xilinx.sdk.targetmanager.internal.TM.startJTAGUARTServer(TM.java:951)
	at com.xilinx.sdk.debug.core.internal.comm.JTAGUARTStreamsProxy.<init>(JTAGUARTStreamsProxy.java:32)
	at com.xilinx.sdk.debug.core.internal.RemoteProcess.createStreamsProxy(RemoteProcess.java:164)
	at com.xilinx.sdk.debug.core.internal.RemoteProcess.<init>(RemoteProcess.java:65)
	at com.xilinx.sdk.debug.core.internal.AppRunner.run(AppRunner.java:91)
	at com.xilinx.sdk.debug.core.XilinxAppLaunchConfigurationDelegate.runApplication(XilinxAppLaunchConfigurationDelegate.java:609)
	at com.xilinx.sdk.debug.core.XilinxAppLaunchConfigurationDelegate.launch(XilinxAppLaunchConfigurationDelegate.java:296)
	at com.xilinx.sdk.debug.ui.XilinxAppLaunchDelegateWrapper.launch(XilinxAppLaunchDelegateWrapper.java:31)
	at org.eclipse.debug.internal.core.LaunchConfiguration.launch(LaunchConfiguration.java:858)
	at org.eclipse.debug.internal.core.LaunchConfiguration.launch(LaunchConfiguration.java:707)
	at org.eclipse.debug.internal.ui.DebugUIPlugin.buildAndLaunch(DebugUIPlugin.java:1018)
	at org.eclipse.debug.internal.ui.DebugUIPlugin$8.run(DebugUIPlugin.java:1222)
	at org.eclipse.core.internal.jobs.Worker.run(Worker.java:53)
13:54:00 INFO  : microblaze_0 Processor is in use. Please stop existing Run or Debug sessions before launching.
13:54:01 INFO  : Processor reset is completed for microblaze_0
13:54:25 INFO  : microblaze_0 Processor is in use. Please stop existing Run or Debug sessions before launching.
13:54:26 INFO  : Processor reset is completed for microblaze_0
13:55:29 INFO  : microblaze_0 Processor is in use. Please stop existing Run or Debug sessions before launching.
13:55:30 INFO  : Processor reset is completed for microblaze_0
13:58:20 INFO  : Connected to target on host '127.0.0.1' and port '3121'.
13:58:21 INFO  : 'targets -set -filter {jtag_cable_name =~ "Digilent Basys3 210183712058A" && level==0} -index 0' command is executed.
13:58:22 INFO  : FPGA configured successfully with bitstream "C:/Users/Will/Desktop/Assessment_2_Traffic_Light/es3_hw_assmnt_2/es3_hw_assmnt_2.sdk/top_hw_platform_0/download.bit"
13:58:30 ERROR : Unexpected error while parsing XMD response ?: com.google.gson.JsonSyntaxException: com.google.gson.stream.MalformedJsonException: invalid number or unquoted string near 
14:09:18 INFO  : Launching XSDB server: xsdb.bat F:/Programs/Xilinx/SDK/2015.3/scripts/xsdb/xsdb/xsdb-server.tcl
14:09:21 INFO  : Launching XSDB server: xsdb.bat F:/Programs/Xilinx/SDK/2015.3/scripts/xsdb/xsdb/xsdb-server.tcl
14:09:22 INFO  : XSDB server has started successfully.
14:09:22 INFO  : XSDB server has started successfully.
14:09:23 INFO  : Processing command line option -hwspec C:/Users/Will/Desktop/Assessment_2_Traffic_Light/es3_hw_assmnt_2/es3_hw_assmnt_2.sdk/top.hdf.
14:09:23 INFO  : Checking for hwspec changes in the project top_hw_platform_0.
14:09:23 INFO  : SDK has detected change in the last modified timestamps for source hardware specification file Source:1448201329131,  Project:1447440982000
14:09:23 INFO  : The hardware specification for project 'top_hw_platform_0' is different from C:/Users/Will/Desktop/Assessment_2_Traffic_Light/es3_hw_assmnt_2/es3_hw_assmnt_2.sdk/top.hdf.
14:09:24 INFO  : Copied contents of C:/Users/Will/Desktop/Assessment_2_Traffic_Light/es3_hw_assmnt_2/es3_hw_assmnt_2.sdk/top.hdf into \top_hw_platform_0\system.hdf.
14:09:24 INFO  : Synchronizing projects in the workspace with the hardware platform specification changes.
14:09:33 INFO  : 
14:09:34 INFO  : Updating hardware inferred compiler options for Traffic_Light.
14:09:34 INFO  : Clearing existing target manager status.
14:09:35 WARN  : Unable to obtain port 2350 for use by XMD, java.net.SocketException: Unrecognized Windows Sockets error: 0: JVM_Bind
14:09:36 INFO  : Workspace synchronized with the new hardware specification file. Cleaning dependent projects...
14:09:36 WARN  : Linker script will not be updated automatically. Users need to update it manually.
14:10:02 INFO  : Connected to target on host '127.0.0.1' and port '3121'.
14:10:03 INFO  : 'targets -set -filter {jtag_cable_name =~ "Digilent Basys3 210183712058A" && level==0} -index 0' command is executed.
14:10:04 INFO  : FPGA configured successfully with bitstream "C:/Users/Will/Desktop/Assessment_2_Traffic_Light/es3_hw_assmnt_2/es3_hw_assmnt_2.sdk/top_hw_platform_0/download.bit"
14:30:37 INFO  : SDK has detected change in the last modified timestamps for source hardware specification file Source:1448201939440,  Project:1448201329131
14:30:37 INFO  : Project top_hw_platform_0's source hardware specification located at C:/Users/Will/Desktop/Assessment_2_Traffic_Light/es3_hw_assmnt_2/es3_hw_assmnt_2.sdk/top.hdf is now different from the local copy.
		 The local copy will be replaced with the source specification and your workspace will be updated.
14:30:49 INFO  : Copied contents of C:/Users/Will/Desktop/Assessment_2_Traffic_Light/es3_hw_assmnt_2/es3_hw_assmnt_2.sdk/top.hdf into \top_hw_platform_0\system.hdf.
14:30:50 INFO  : Synchronizing projects in the workspace with the hardware platform specification changes.
14:30:52 INFO  : 
14:30:54 INFO  : Updating hardware inferred compiler options for Traffic_Light.
14:30:54 INFO  : Clearing existing target manager status.
14:30:54 INFO  : Workspace synchronized with the new hardware specification file. Cleaning dependent projects...
14:30:54 WARN  : Linker script will not be updated automatically. Users need to update it manually.
14:31:19 INFO  : Connected to target on host '127.0.0.1' and port '3121'.
14:31:19 INFO  : 'targets -set -filter {jtag_cable_name =~ "Digilent Basys3 210183712058A" && level==0} -index 0' command is executed.
14:31:21 INFO  : FPGA configured successfully with bitstream "C:/Users/Will/Desktop/Assessment_2_Traffic_Light/es3_hw_assmnt_2/es3_hw_assmnt_2.sdk/top_hw_platform_0/download.bit"
14:31:31 ERROR : Unexpected error while parsing XMD response ?: com.google.gson.JsonSyntaxException: com.google.gson.stream.MalformedJsonException: invalid number or unquoted string near 
13:24:21 INFO  : Launching XSDB server: xsdb.bat F:/Programs/Xilinx/SDK/2015.3/scripts/xsdb/xsdb/xsdb-server.tcl
13:24:23 INFO  : XSDB server has started successfully.
13:24:29 INFO  : Processing command line option -hwspec C:/Users/Will/Desktop/Assessment_2_Traffic_Light/es3_hw_assmnt_2/es3_hw_assmnt_2.sdk/top.hdf.
13:24:29 INFO  : Checking for hwspec changes in the project top_hw_platform_0.
13:24:55 INFO  : Connected to target on host '127.0.0.1' and port '3121'.
13:24:56 INFO  : 'targets -set -filter {jtag_cable_name =~ "Digilent Basys3 210183712058A" && level==0} -index 0' command is executed.
13:24:57 INFO  : FPGA configured successfully with bitstream "C:/Users/Will/Desktop/Assessment_2_Traffic_Light/es3_hw_assmnt_2/es3_hw_assmnt_2.sdk/top_hw_platform_0/download.bit"
13:25:04 WARN  : Unable to obtain port 2350 for use by XMD, java.net.SocketException: Unrecognized Windows Sockets error: 0: JVM_Bind
13:25:06 INFO  : Processor reset is completed for microblaze_0
20:55:12 ERROR : Unexpected error while parsing XMD response ?: com.google.gson.JsonSyntaxException: com.google.gson.stream.MalformedJsonException: invalid number or unquoted string near 
22:31:29 INFO  : Launching XSDB server: xsdb.bat F:/Programs/Xilinx/SDK/2015.3/scripts/xsdb/xsdb/xsdb-server.tcl
22:31:33 INFO  : XSDB server has started successfully.
22:31:33 INFO  : Processing command line option -hwspec C:/Users/Will/Desktop/Assessment_2_Traffic_Light/es3_hw_assmnt_2/es3_hw_assmnt_2.sdk/top.hdf.
22:31:34 INFO  : Checking for hwspec changes in the project top_hw_platform_0.
22:34:22 INFO  : Connected to target on host '127.0.0.1' and port '3121'.
22:34:22 INFO  : 'targets -set -filter {jtag_cable_name =~ "Digilent Basys3 210183712058A" && level==0} -index 0' command is executed.
22:34:24 INFO  : FPGA configured successfully with bitstream "C:/Users/Will/Desktop/Assessment_2_Traffic_Light/es3_hw_assmnt_2/es3_hw_assmnt_2.sdk/top_hw_platform_0/download.bit"
22:34:31 WARN  : Unable to obtain port 2350 for use by XMD, java.net.SocketException: Unrecognized Windows Sockets error: 0: JVM_Bind
22:34:32 INFO  : Processor reset is completed for microblaze_0
22:36:29 INFO  : microblaze_0 Processor is in use. Please stop existing Run or Debug sessions before launching.
22:36:31 INFO  : Processor reset is completed for microblaze_0
12:27:51 INFO  : Connected to target on host '127.0.0.1' and port '3121'.
12:27:52 INFO  : 'targets -set -filter {jtag_cable_name =~ "Digilent Basys3 210183712058A" && level==0} -index 0' command is executed.
12:27:53 INFO  : FPGA configured successfully with bitstream "C:/Users/Will/Desktop/Assessment_2_Traffic_Light/es3_hw_assmnt_2/es3_hw_assmnt_2.sdk/top_hw_platform_0/download.bit"
12:28:01 INFO  : Processor reset is completed for microblaze_0
12:30:04 INFO  : microblaze_0 Processor is in use. Please stop existing Run or Debug sessions before launching.
12:30:06 INFO  : Processor reset is completed for microblaze_0
12:31:06 INFO  : microblaze_0 Processor is in use. Please stop existing Run or Debug sessions before launching.
12:31:08 INFO  : Processor reset is completed for microblaze_0
12:33:01 INFO  : microblaze_0 Processor is in use. Please stop existing Run or Debug sessions before launching.
12:33:03 INFO  : Processor reset is completed for microblaze_0
13:29:35 INFO  : microblaze_0 Processor is in use. Please stop existing Run or Debug sessions before launching.
13:29:36 INFO  : Processor reset is completed for microblaze_0
13:30:08 INFO  : microblaze_0 Processor is in use. Please stop existing Run or Debug sessions before launching.
13:30:09 INFO  : Processor reset is completed for microblaze_0
13:31:05 INFO  : microblaze_0 Processor is in use. Please stop existing Run or Debug sessions before launching.
13:31:06 INFO  : Processor reset is completed for microblaze_0
13:31:52 INFO  : microblaze_0 Processor is in use. Please stop existing Run or Debug sessions before launching.
13:31:53 INFO  : Processor reset is completed for microblaze_0
13:32:26 INFO  : microblaze_0 Processor is in use. Please stop existing Run or Debug sessions before launching.
13:32:27 INFO  : Processor reset is completed for microblaze_0
13:33:16 INFO  : microblaze_0 Processor is in use. Please stop existing Run or Debug sessions before launching.
13:33:17 INFO  : Processor reset is completed for microblaze_0
13:36:43 INFO  : microblaze_0 Processor is in use. Please stop existing Run or Debug sessions before launching.
13:36:45 INFO  : Processor reset is completed for microblaze_0
13:38:20 INFO  : microblaze_0 Processor is in use. Please stop existing Run or Debug sessions before launching.
13:38:21 INFO  : Processor reset is completed for microblaze_0
